<?xml version="1.0" encoding="UTF-8"?>
<!-- Generated by org.testng.reporters.JUnitXMLReporter -->
<testsuite hostname="WGC1001HMP882" name="DataDrivenapprochTesting" tests="11" failures="0" timestamp="26 Aug 2016 09:52:58 GMT" time="0.036" errors="0">
  <testcase name="addCountry" time="0.001" classname="codingtest.excelfeature"/>
  <testcase name="addCountry" time="0.002" classname="codingtest.excelfeature"/>
  <testcase name="addCountry" time="0.001" classname="codingtest.excelfeature"/>
  <testcase name="addCountry" time="0.001" classname="codingtest.excelfeature"/>
  <testcase name="addCountry" time="0.001" classname="codingtest.excelfeature"/>
  <testcase name="addCountry" time="0.001" classname="codingtest.excelfeature"/>
  <testcase name="addCountry" time="0.001" classname="codingtest.excelfeature"/>
  <testcase name="addCountry" time="0.001" classname="codingtest.excelfeature"/>
  <testcase name="addCountry" time="0.002" classname="codingtest.excelfeature"/>
  <testcase name="addCountry" time="0.001" classname="codingtest.excelfeature"/>
  <testcase name="addCountry" time="0.001" classname="codingtest.excelfeature"/>
</testsuite> <!-- DataDrivenapprochTesting -->
