<?xml version="1.0" encoding="UTF-8"?>
<testng-results skipped="0" failed="0" total="1" passed="1">
  <reporter-output>
  </reporter-output>
  <suite name="Default suite" duration-ms="25313" started-at="2016-11-20T10:11:23Z" finished-at="2016-11-20T10:11:49Z">
    <groups>
    </groups>
    <test name="Default test" duration-ms="25313" started-at="2016-11-20T10:11:23Z" finished-at="2016-11-20T10:11:49Z">
      <class name="codingtest.testjenkins">
        <test-method status="PASS" signature="test()[pri:0, instance:codingtest.testjenkins@10e8e1af]" name="test" duration-ms="25243" started-at="2016-11-20T15:41:23Z" finished-at="2016-11-20T15:41:49Z">
          <reporter-output>
          </reporter-output>
        </test-method> <!-- test -->
      </class> <!-- codingtest.testjenkins -->
    </test> <!-- Default test -->
  </suite> <!-- Default suite -->
</testng-results>
